# JRE version: OpenJDK Runtime Environment (17.0.6) (build 17.0.6+0-b2043.56-10027231)
# Java VM: OpenJDK 64-Bit Server VM (17.0.6+0-b2043.56-10027231, mixed mode, tiered, compressed oops, compressed class ptrs, g1 gc, windows-amd64)
GC Precious Log:
 CPUs: 8 total, 8 available
 Memory: 16303M
 Large Page Support: Disabled
 NUMA Support: Disabled
 Compressed Oops: Enabled (32-bit)
 Heap Region Size: 1M
 Heap Min Capacity: 8M
 Heap Initial Capacity: 256M
 Heap Max Capacity: 2G
 Pre-touch: Disabled
 Parallel Workers: 8
 Concurrent Workers: 2
 Concurrent Refinement Workers: 8
 Periodic GC: Disabled
Heap:
 garbage-first heap   total 119808K, used 60499K [0x0000000080000000, 0x0000000100000000)
  region size 1024K, 1 young (1024K), 1 survivors (1024K)
 Metaspace       used 68819K, committed 69376K, reserved 1114112K
  class space    used 9137K, committed 9408K, reserved 1048576K
GC Heap History (20 events):
Event: 2.543 GC heap before
{Heap before GC invocations=10 (full 0):
 garbage-first heap   total 101376K, used 73198K [0x0000000080000000, 0x0000000100000000)
  region size 1024K, 45 young (46080K), 3 survivors (3072K)
 Metaspace       used 48636K, committed 49024K, reserved 1097728K
  class space    used 6484K, committed 6656K, reserved 1048576K
}
Event: 2.546 GC heap after
{Heap after GC invocations=11 (full 0):
 garbage-first heap   total 101376K, used 32965K [0x0000000080000000, 0x0000000100000000)
  region size 1024K, 5 young (5120K), 5 survivors (5120K)
 Metaspace       used 48636K, committed 49024K, reserved 1097728K
  class space    used 6484K, committed 6656K, reserved 1048576K
}
Event: 3.002 GC heap before
{Heap before GC invocations=11 (full 0):
 garbage-first heap   total 101376K, used 76997K [0x0000000080000000, 0x0000000100000000)
  region size 1024K, 48 young (49152K), 5 survivors (5120K)
 Metaspace       used 55656K, committed 56128K, reserved 1097728K
  class space    used 7390K, committed 7616K, reserved 1048576K
}
Event: 3.007 GC heap after
{Heap after GC invocations=12 (full 0):
 garbage-first heap   total 101376K, used 36678K [0x0000000080000000, 0x0000000100000000)
  region size 1024K, 6 young (6144K), 6 survivors (6144K)
 Metaspace       used 55656K, committed 56128K, reserved 1097728K
  class space    used 7390K, committed 7616K, reserved 1048576K
}
Event: 174.485 GC heap before
{Heap before GC invocations=12 (full 0):
 garbage-first heap   total 101376K, used 76614K [0x0000000080000000, 0x0000000100000000)
  region size 1024K, 46 young (47104K), 6 survivors (6144K)
 Metaspace       used 57807K, committed 58240K, reserved 1105920K
  class space    used 7677K, committed 7872K, reserved 1048576K
}
Event: 174.489 GC heap after
{Heap after GC invocations=13 (full 0):
 garbage-first heap   total 101376K, used 40115K [0x0000000080000000, 0x0000000100000000)
  region size 1024K, 4 young (4096K), 4 survivors (4096K)
 Metaspace       used 57807K, committed 58240K, reserved 1105920K
  class space    used 7677K, committed 7872K, reserved 1048576K
}
Event: 174.541 GC heap before
{Heap before GC invocations=13 (full 0):
 garbage-first heap   total 101376K, used 49331K [0x0000000080000000, 0x0000000100000000)
  region size 1024K, 9 young (9216K), 4 survivors (4096K)
 Metaspace       used 57842K, committed 58304K, reserved 1105920K
  class space    used 7679K, committed 7872K, reserved 1048576K
}
Event: 174.543 GC heap after
{Heap after GC invocations=14 (full 0):
 garbage-first heap   total 101376K, used 48643K [0x0000000080000000, 0x0000000100000000)
  region size 1024K, 4 young (4096K), 4 survivors (4096K)
 Metaspace       used 57842K, committed 58304K, reserved 1105920K
  class space    used 7679K, committed 7872K, reserved 1048576K
}
Event: 174.751 GC heap before
{Heap before GC invocations=15 (full 0):
 garbage-first heap   total 101376K, used 79363K [0x0000000080000000, 0x0000000100000000)
  region size 1024K, 29 young (29696K), 4 survivors (4096K)
 Metaspace       used 60580K, committed 61120K, reserved 1105920K
  class space    used 8062K, committed 8320K, reserved 1048576K
}
Event: 174.753 GC heap after
{Heap after GC invocations=16 (full 0):
 garbage-first heap   total 101376K, used 56360K [0x0000000080000000, 0x0000000100000000)
  region size 1024K, 4 young (4096K), 4 survivors (4096K)
 Metaspace       used 60580K, committed 61120K, reserved 1105920K
  class space    used 8062K, committed 8320K, reserved 1048576K
}
Event: 174.996 GC heap before
{Heap before GC invocations=16 (full 0):
 garbage-first heap   total 101376K, used 77864K [0x0000000080000000, 0x0000000100000000)
  region size 1024K, 25 young (25600K), 4 survivors (4096K)
 Metaspace       used 64020K, committed 64512K, reserved 1105920K
  class space    used 8463K, committed 8704K, reserved 1048576K
}
Event: 174.998 GC heap after
{Heap after GC invocations=17 (full 0):
 garbage-first heap   total 101376K, used 57071K [0x0000000080000000, 0x0000000100000000)
  region size 1024K, 1 young (1024K), 1 survivors (1024K)
 Metaspace       used 64020K, committed 64512K, reserved 1105920K
  class space    used 8463K, committed 8704K, reserved 1048576K
}
Event: 175.375 GC heap before
{Heap before GC invocations=18 (full 0):
 garbage-first heap   total 101376K, used 79599K [0x0000000080000000, 0x0000000100000000)
  region size 1024K, 23 young (23552K), 1 survivors (1024K)
 Metaspace       used 67551K, committed 68160K, reserved 1114112K
  class space    used 8970K, committed 9280K, reserved 1048576K
}
Event: 175.377 GC heap after
{Heap after GC invocations=19 (full 0):
 garbage-first heap   total 101376K, used 59366K [0x0000000080000000, 0x0000000100000000)
  region size 1024K, 3 young (3072K), 3 survivors (3072K)
 Metaspace       used 67551K, committed 68160K, reserved 1114112K
  class space    used 8970K, committed 9280K, reserved 1048576K
}
Event: 175.392 GC heap before
{Heap before GC invocations=19 (full 0):
 garbage-first heap   total 101376K, used 60390K [0x0000000080000000, 0x0000000100000000)
  region size 1024K, 4 young (4096K), 3 survivors (3072K)
 Metaspace       used 67600K, committed 68224K, reserved 1114112K
  class space    used 8975K, committed 9280K, reserved 1048576K
}
Event: 175.393 GC heap after
{Heap after GC invocations=20 (full 0):
 garbage-first heap   total 101376K, used 59032K [0x0000000080000000, 0x0000000100000000)
  region size 1024K, 1 young (1024K), 1 survivors (1024K)
 Metaspace       used 67600K, committed 68224K, reserved 1114112K
  class space    used 8975K, committed 9280K, reserved 1048576K
}
Event: 175.417 GC heap before
{Heap before GC invocations=20 (full 0):
 garbage-first heap   total 101376K, used 62104K [0x0000000080000000, 0x0000000100000000)
  region size 1024K, 5 young (5120K), 1 survivors (1024K)
 Metaspace       used 67600K, committed 68224K, reserved 1114112K
  class space    used 8975K, committed 9280K, reserved 1048576K
}
Event: 175.418 GC heap after
{Heap after GC invocations=21 (full 0):
 garbage-first heap   total 101376K, used 60962K [0x0000000080000000, 0x0000000100000000)
  region size 1024K, 3 young (3072K), 3 survivors (3072K)
 Metaspace       used 67600K, committed 68224K, reserved 1114112K
  class space    used 8975K, committed 9280K, reserved 1048576K
}
Event: 175.574 GC heap before
{Heap before GC invocations=22 (full 0):
 garbage-first heap   total 119808K, used 80418K [0x0000000080000000, 0x0000000100000000)
  region size 1024K, 17 young (17408K), 3 survivors (3072K)
 Metaspace       used 68366K, committed 68928K, reserved 1114112K
  class space    used 9090K, committed 9344K, reserved 1048576K
}
Event: 175.576 GC heap after
{Heap after GC invocations=23 (full 0):
 garbage-first heap   total 119808K, used 60262K [0x0000000080000000, 0x0000000100000000)
  region size 1024K, 1 young (1024K), 1 survivors (1024K)
 Metaspace       used 68366K, committed 68928K, reserved 1114112K
  class space    used 9090K, committed 9344K, reserved 1048576K
}

