# JRE version: OpenJDK Runtime Environment (17.0.6) (build 17.0.6+0-b2043.56-10027231)
# Java VM: OpenJDK 64-Bit Server VM (17.0.6+0-b2043.56-10027231, mixed mode, tiered, compressed oops, compressed class ptrs, g1 gc, windows-amd64)
GC Precious Log:
 CPUs: 8 total, 8 available
 Memory: 16303M
 Large Page Support: Disabled
 NUMA Support: Disabled
 Compressed Oops: Enabled (32-bit)
 Heap Region Size: 1M
 Heap Min Capacity: 8M
 Heap Initial Capacity: 256M
 Heap Max Capacity: 2G
 Pre-touch: Disabled
 Parallel Workers: 8
 Concurrent Workers: 2
 Concurrent Refinement Workers: 8
 Periodic GC: Disabled
Heap:
 garbage-first heap   total 442368K, used 187958K [0x0000000080000000, 0x0000000100000000)
  region size 1024K, 15 young (15360K), 15 survivors (15360K)
 Metaspace       used 126289K, committed 127168K, reserved 1163264K
  class space    used 17346K, committed 17792K, reserved 1048576K
GC Heap History (20 events):
Event: 180.091 GC heap after
{Heap after GC invocations=30 (full 0):
 garbage-first heap   total 221184K, used 131071K [0x0000000080000000, 0x0000000100000000)
  region size 1024K, 7 young (7168K), 7 survivors (7168K)
 Metaspace       used 111924K, committed 112768K, reserved 1146880K
  class space    used 15215K, committed 15616K, reserved 1048576K
}
Event: 180.163 GC heap before
{Heap before GC invocations=30 (full 0):
 garbage-first heap   total 221184K, used 154623K [0x0000000080000000, 0x0000000100000000)
  region size 1024K, 31 young (31744K), 7 survivors (7168K)
 Metaspace       used 112919K, committed 113728K, reserved 1155072K
  class space    used 15380K, committed 15808K, reserved 1048576K
}
Event: 180.169 GC heap after
{Heap after GC invocations=31 (full 0):
 garbage-first heap   total 442368K, used 135961K [0x0000000080000000, 0x0000000100000000)
  region size 1024K, 5 young (5120K), 5 survivors (5120K)
 Metaspace       used 112919K, committed 113728K, reserved 1155072K
  class space    used 15380K, committed 15808K, reserved 1048576K
}
Event: 180.742 GC heap before
{Heap before GC invocations=32 (full 0):
 garbage-first heap   total 442368K, used 319257K [0x0000000080000000, 0x0000000100000000)
  region size 1024K, 192 young (196608K), 5 survivors (5120K)
 Metaspace       used 120986K, committed 121792K, reserved 1155072K
  class space    used 16712K, committed 17088K, reserved 1048576K
}
Event: 180.759 GC heap after
{Heap after GC invocations=33 (full 0):
 garbage-first heap   total 442368K, used 151701K [0x0000000080000000, 0x0000000100000000)
  region size 1024K, 24 young (24576K), 24 survivors (24576K)
 Metaspace       used 120986K, committed 121792K, reserved 1155072K
  class space    used 16712K, committed 17088K, reserved 1048576K
}
Event: 180.768 GC heap before
{Heap before GC invocations=33 (full 0):
 garbage-first heap   total 442368K, used 152725K [0x0000000080000000, 0x0000000100000000)
  region size 1024K, 25 young (25600K), 24 survivors (24576K)
 Metaspace       used 121004K, committed 121856K, reserved 1155072K
  class space    used 16715K, committed 17088K, reserved 1048576K
}
Event: 180.778 GC heap after
{Heap after GC invocations=34 (full 0):
 garbage-first heap   total 442368K, used 151132K [0x0000000080000000, 0x0000000100000000)
  region size 1024K, 3 young (3072K), 3 survivors (3072K)
 Metaspace       used 121004K, committed 121856K, reserved 1155072K
  class space    used 16715K, committed 17088K, reserved 1048576K
}
Event: 181.278 GC heap before
{Heap before GC invocations=34 (full 0):
 garbage-first heap   total 442368K, used 321116K [0x0000000080000000, 0x0000000100000000)
  region size 1024K, 170 young (174080K), 3 survivors (3072K)
 Metaspace       used 122557K, committed 123392K, reserved 1163264K
  class space    used 16923K, committed 17344K, reserved 1048576K
}
Event: 181.282 GC heap after
{Heap after GC invocations=35 (full 0):
 garbage-first heap   total 442368K, used 152177K [0x0000000080000000, 0x0000000100000000)
  region size 1024K, 4 young (4096K), 4 survivors (4096K)
 Metaspace       used 122557K, committed 123392K, reserved 1163264K
  class space    used 16923K, committed 17344K, reserved 1048576K
}
Event: 181.771 GC heap before
{Heap before GC invocations=36 (full 0):
 garbage-first heap   total 442368K, used 333425K [0x0000000080000000, 0x0000000100000000)
  region size 1024K, 181 young (185344K), 4 survivors (4096K)
 Metaspace       used 124249K, committed 125120K, reserved 1163264K
  class space    used 17169K, committed 17600K, reserved 1048576K
}
Event: 181.775 GC heap after
{Heap after GC invocations=37 (full 0):
 garbage-first heap   total 442368K, used 153931K [0x0000000080000000, 0x0000000100000000)
  region size 1024K, 6 young (6144K), 6 survivors (6144K)
 Metaspace       used 124249K, committed 125120K, reserved 1163264K
  class space    used 17169K, committed 17600K, reserved 1048576K
}
Event: 181.807 GC heap before
{Heap before GC invocations=37 (full 0):
 garbage-first heap   total 442368K, used 168267K [0x0000000080000000, 0x0000000100000000)
  region size 1024K, 21 young (21504K), 6 survivors (6144K)
 Metaspace       used 124462K, committed 125376K, reserved 1163264K
  class space    used 17185K, committed 17600K, reserved 1048576K
}
Event: 181.811 GC heap after
{Heap after GC invocations=38 (full 0):
 garbage-first heap   total 442368K, used 151028K [0x0000000080000000, 0x0000000100000000)
  region size 1024K, 2 young (2048K), 2 survivors (2048K)
 Metaspace       used 124462K, committed 125376K, reserved 1163264K
  class space    used 17185K, committed 17600K, reserved 1048576K
}
Event: 182.611 GC heap before
{Heap before GC invocations=38 (full 0):
 garbage-first heap   total 442368K, used 346612K [0x0000000080000000, 0x0000000100000000)
  region size 1024K, 193 young (197632K), 2 survivors (2048K)
 Metaspace       used 125630K, committed 126464K, reserved 1163264K
  class space    used 17301K, committed 17728K, reserved 1048576K
}
Event: 182.614 GC heap after
{Heap after GC invocations=39 (full 0):
 garbage-first heap   total 442368K, used 152687K [0x0000000080000000, 0x0000000100000000)
  region size 1024K, 3 young (3072K), 3 survivors (3072K)
 Metaspace       used 125630K, committed 126464K, reserved 1163264K
  class space    used 17301K, committed 17728K, reserved 1048576K
}
Event: 182.903 GC heap before
{Heap before GC invocations=39 (full 0):
 garbage-first heap   total 442368K, used 359535K [0x0000000080000000, 0x0000000100000000)
  region size 1024K, 204 young (208896K), 3 survivors (3072K)
 Metaspace       used 125856K, committed 126720K, reserved 1163264K
  class space    used 17320K, committed 17728K, reserved 1048576K
}
Event: 182.910 GC heap after
{Heap after GC invocations=40 (full 0):
 garbage-first heap   total 442368K, used 166120K [0x0000000080000000, 0x0000000100000000)
  region size 1024K, 15 young (15360K), 15 survivors (15360K)
 Metaspace       used 125856K, committed 126720K, reserved 1163264K
  class space    used 17320K, committed 17728K, reserved 1048576K
}
Event: 183.105 GC heap before
{Heap before GC invocations=40 (full 0):
 garbage-first heap   total 442368K, used 357608K [0x0000000080000000, 0x0000000100000000)
  region size 1024K, 202 young (206848K), 15 survivors (15360K)
 Metaspace       used 126140K, committed 126976K, reserved 1163264K
  class space    used 17333K, committed 17728K, reserved 1048576K
}
Event: 183.115 GC heap after
{Heap after GC invocations=41 (full 0):
 garbage-first heap   total 442368K, used 177525K [0x0000000080000000, 0x0000000100000000)
  region size 1024K, 25 young (25600K), 25 survivors (25600K)
 Metaspace       used 126140K, committed 126976K, reserved 1163264K
  class space    used 17333K, committed 17728K, reserved 1048576K
}
Event: 183.299 GC heap before
{Heap before GC invocations=41 (full 0):
 garbage-first heap   total 442368K, used 357749K [0x0000000080000000, 0x0000000100000000)
  region size 1024K, 202 young (206848K), 25 survivors (25600K)
 Metaspace       used 126289K, committed 127168K, reserved 1163264K
  class space    used 17346K, committed 17792K, reserved 1048576K
}

